⚠️ FIREBASE_SERVICE_ACCOUNT_BASE64 not found. Persistent data will not work.
/Users/yaeger/Desktop/puck-battle-arena-new/server/node_modules/firebase-admin/lib/app/lifecycle.js:79
            throw new error_1.FirebaseAppError(error_1.AppErrorCodes.NO_APP, errorMessage);
            ^

FirebaseAppError: The default Firebase app does not exist. Make sure you call initializeApp() before using any of the Firebase services.
    at AppStore.getApp (/Users/yaeger/Desktop/puck-battle-arena-new/server/node_modules/firebase-admin/lib/app/lifecycle.js:79:19)
    at getApp (/Users/yaeger/Desktop/puck-battle-arena-new/server/node_modules/firebase-admin/lib/app/lifecycle.js:222:36)
    at getFirestore (/Users/yaeger/Desktop/puck-battle-arena-new/server/node_modules/firebase-admin/lib/firestore/index.js:52:90)
    at Object.<anonymous> (/Users/yaeger/Desktop/puck-battle-arena-new/server/index.js:42:12)
    at Module._compile (node:internal/modules/cjs/loader:1760:14)
    at Module._extensions..js (node:internal/modules/cjs/loader:1892:10)
    at Module.load (node:internal/modules/cjs/loader:1480:32)
    at Module._load (node:internal/modules/cjs/loader:1299:12)
    at TracingChannel.traceSync (node:diagnostics_channel:328:14)
    at wrapModuleLoad (node:internal/modules/cjs/loader:245:24) {
  errorInfo: {
    code: 'app/no-app',
    message: 'The default Firebase app does not exist. Make sure you call initializeApp() before using any of the Firebase services.'
  },
  codePrefix: 'app'
}

Node.js v25.2.1
